########################################################################################################################
Symbol Table : Global                                         Parent: null
------------------------------------------------------------------------------------------------------------------------
Name            Type                            Category    Init Val                        Size    Offset  Nest
------------------------------------------------------------------------------------------------------------------------
test            int                             local       2                               4       0       null
t00             int                             temp        2                               4       4       null
d               double                          local       2.3                             8       8       null
t01             double                          temp        2.3                             8       16      null
i               int                             local                                       4       24      null
m               Matrix(2,3,double)              local                                       56      28      null
t02             int                             temp        2                               4       84      null
t03             int                             temp        3                               4       88      null
a               int                             local       4                               4       92      null
t04             int                             temp        4                               4       96      null
p               ptr(int)                        local                                       4       100     null
b               int                             local                                       4       104     null
func            void                            function                                    0       108     func
c               char                            local                                       1       108     null
main            int                             function                                    4       109     main
------------------------------------------------------------------------------------------------------------------------

########################################################################################################################
Symbol Table : func                                           Parent: Global
------------------------------------------------------------------------------------------------------------------------
Name            Type                            Category    Init Val                        Size    Offset  Nest
------------------------------------------------------------------------------------------------------------------------
i               int                             param                                       4       0       null
d               double                          param                                       8       4       null
a               Matrix(2,2,double)              param                                       40      12      null
t00             int                             temp        2                               4       52      null
t01             int                             temp        2                               4       56      null
------------------------------------------------------------------------------------------------------------------------

########################################################################################################################
Symbol Table : main                                           Parent: Global
------------------------------------------------------------------------------------------------------------------------
Name            Type                            Category    Init Val                        Size    Offset  Nest
------------------------------------------------------------------------------------------------------------------------
retVal          int                             local                                       4       0       null
e               double                          local       2.3                             8       4       null
t00             double                          temp        2.3                             8       12      null
f               int                             local                                       4       20      null
temp            Matrix(2,2,double)              local       {1.1,2.1;3.3,3.4}               40      24      null
t01             int                             temp        2                               4       64      null
t02             int                             temp        2                               4       68      null
t03             Matrix(2,2,double)              temp        {1.1,2.1;3.3,3.4}               40      72      null
r               int                             local       4                               4       112     null
t04             int                             temp        4                               4       116     null
q               ptr(int)                        local                                       4       120     null
y               int                             local                                       4       124     null
h               char                            local                                       1       128     null
------------------------------------------------------------------------------------------------------------------------

##############################
Quad Translation
------------------------------
	0   :	t00 = 2
	1   :	test = t00
	2   :	t01 = 2.3
	3   :	d = t01
	4   :	t02 = 2
	5   :	t03 = 3
	6   :	t04 = 4
	7   :	a = t04
	8   :	t00 = 2
	9   :	t01 = 2

main: 

	11  :	t00 = 2.3
	12  :	e = t00
	13  :	t01 = 2
	14  :	t02 = 2
	15  :	temp = t03
	16  :	t04 = 4
	17  :	r = t04
------------------------------
